 *********************************************************************
                          COBALT V4.2.1
 *********************************************************************
  
  VERSION DATE:  MAY 27, 2008
  
  UNSTRUCTURED GRID SOLUTION OF UNSTEADY EULER AND NAVIER-STOKES EQUATIONS
  
  AVAILABLE EQUATIONS OF STATE: PERFECT GAS
                                THERMALLY PERFECT GAS (U.S. ONLY)
                                EQUILIBRIUM AIR (U.S. ONLY)
  
  ParMETIS V3.1 (http://glaros.dtc.umn.edu/gkhome) USED FOR PARTITIONING
  
  MATLAB (www.mathworks.com) USED FOR FLOW CONTROL (DISABLED)
  
  NCSA HDF5 (http://hdf.ncsa.uiuc.edu/) USED FOR TAP OUTPUT
  
  OVERSET MODULE AVAILABLE WITH ADDITIONAL LICENSING
  
  HAVE QUESTIONS?  CONTACT COBALT SOLUTIONS, LLC AT:
  (937) 206-6909  (937) 902-6107  (937) 902-6108
  support@cobaltcfd.com
  
  <<<<<<<<<<<<<<<<<<<<<<<<<>>>>>>>>>>>>>>>>>>>>>>>>>>
   USE OF THIS SOFTWARE CONSTITUTES CONSENT TO ABIDE
   BY ALL PROVISIONS OF THE COBALT LICENSE AGREEMENT
  <<<<<<<<<<<<<<<<<<<<<<<<<>>>>>>>>>>>>>>>>>>>>>>>>>>
  
  DATE OF SOLUTION IS 09-30-09
  TIME OF SOLUTION IS 07:35:15
  
  *** WARNING: LICENSE EXPIRES IN  0 DAYS ***
  
  LICENSE EXPIRES ON: 31-dec-2009
  TOTAL NUMBER OF PROCESSORS ALLOWED:     2176
  TOTAL NUMBER OF OVERSET TOKENS ALLOWED:  256
  
  EXECUTING ON 4 PROCESSORS
  
  CPU TIMING RESULTS (IN SECONDS):
  FASTEST PROCESSOR TIME: 6.078E-02
  SLOWEST PROCESSOR TIME: 6.358E-02

  ESTIMATED MEMORY  REQUIREMENT  IN MEGABYTES: 8.563E+00
  ESTIMATED LARGEST MESSAGE SIZE IN MEGABYTES: 4.868E-02

  PLEASE ENSURE THAT THE PHYSICAL MEMORY AND MPI BUFFER SIZE OF
  THIS MACHINE ARE SUFFICIENT TO HANDLE THE ABOVE REQUIREMENTS.

 
  READING AND PARSING GRID ...
  GRID READ AND PARSED IN 9.790E-03 SECS
  
  PARTITIONING GRID WITH PARMETIS ...
  GRID PARTITIONED IN 6.088E-03 SECS
  
  SPECIFIED MOTION FILE DOES NOT EXIST.
  
 *********************************************************************
            CASE SPECIFIC CHARACTERISTICS
 *********************************************************************
  
  STDIN FILE TITLE: Ramp - Version 3.0 Job File                                                     
  
  BC    FILE TITLE:    Ramp                                                                         
  
  TOTAL NUMBER OF ZONES:           4
  TOTAL NUMBER OF POINTS:       2248
  TOTAL NUMBER OF FACES:        6340
  TOTAL NUMBER OF CELLS:        4096
  
  ON A SCALE FROM 0 TO 100, WITH 100 BEING THE BEST,
  THE QUALITY OF THIS GRID IS:  99.72

  NUMBER OF CELLS WITH A DEGENERATE LEAST-SQUARES MATRIX:          0
  
 *********************************************************************
              ALGORITHM CHARACTERISTICS
 *********************************************************************
  
  SOLVING THE EULER EQUATIONS
  
  EQUATION OF STATE: PERFECT GAS
  
  THE FOLLOWING ACCURACIES HAVE BEEN REQUESTED:
  SPATIAL  DISCRETIZATION: SECOND-ORDER ACCURATE
  TEMPORAL DISCRETIZATION: FIRST-ORDER ACCURATE
  ARITHMETIC OPERATIONS:   DOUBLE-PRECISION

  TIME-ACCURATE SOLUTION USING SPECIFIED TIME STEP OF:  1.00000E-02

  NUMBER OF NEWTON SUB-ITERATIONS:   1

  TEMPORAL DAMPING FACTORS: 
  ADVECTION:   2.00000E-02
  DIFFUSION:   1.00000E-02

 *********************************************************************
              GLOBAL PHYSICAL CONDITIONS
 *********************************************************************
  
  UNITS SYSTEM: MKS
  
  COORDINATE SYSTEM: FLO57
  
  REFERENCE CONDITIONS
  
  Gas Const.  :  2.87000E+02
  Gamma       :  1.40000E+00
  Gravity     :  0.00000E+00
  Density     :  1.22523E+00
  Pressure    :  1.01325E+05
  Temperature :  2.88150E+02
  Sound Speed :  3.40263E+02
  Enthalpy    :  4.98427E+05
  Entropy     :  8.06593E+03
  Mach Number :  1.90000E+00
  Alpha       :  0.00000E+00
  Beta        :  0.00000E+00
  Re/L Number :  4.42671E+07
  
  INITIAL CONDITIONS
  
  Density     :  1.22523E+00
  Pressure    :  1.01325E+05
  Temperature :  2.88150E+02
  Sound Speed :  3.40263E+02
  Enthalpy    :  4.98427E+05
  Entropy     :  8.06593E+03
  Mach Number :  1.90000E+00
  Alpha       :  0.00000E+00
  Beta        :  0.00000E+00
  
  
 *********************************************************************
               CONVERGENCE HISTORY
 *********************************************************************
  
       FIRST ITERATION   LAST ITERATION
                1              100
  
  
   ITER      TIME      DR/DT      DN/DT          Y+      SUPER      Fx          Fy          Fz          Mx          My          Mz
       1  1.0000E-02  2.523E-02  0.000E+00  0.0000E+00      4096  2.2836E+05 -8.4662E+05  0.0000E+00  0.0000E+00  0.0000E+00 -4.8855E+06
       2  2.0000E-02  1.936E-02  0.000E+00  0.0000E+00      4096  2.2411E+05 -7.9276E+05  0.0000E+00  0.0000E+00  0.0000E+00 -4.2058E+06
       3  3.0000E-02  1.783E-02  0.000E+00  0.0000E+00      4096  2.2903E+05 -7.7307E+05  0.0000E+00  0.0000E+00  0.0000E+00 -3.7041E+06
       4  4.0000E-02  1.657E-02  0.000E+00  0.0000E+00      4096  2.3779E+05 -7.7210E+05  0.0000E+00  0.0000E+00  0.0000E+00 -3.3282E+06
       5  5.0000E-02  1.535E-02  0.000E+00  0.0000E+00      4096  2.4552E+05 -7.8288E+05  0.0000E+00  0.0000E+00  0.0000E+00 -3.1617E+06
       6  6.0000E-02  1.464E-02  0.000E+00  0.0000E+00      4096  2.5224E+05 -7.9575E+05  0.0000E+00  0.0000E+00  0.0000E+00 -3.0528E+06
       7  7.0000E-02  1.394E-02  0.000E+00  0.0000E+00      4096  2.5766E+05 -7.7530E+05  0.0000E+00  0.0000E+00  0.0000E+00 -2.3915E+06
       8  8.0000E-02  1.349E-02  0.000E+00  0.0000E+00      4096  2.6255E+05 -6.7051E+05  0.0000E+00  0.0000E+00  0.0000E+00 -1.2547E+05
       9  9.0000E-02  1.296E-02  0.000E+00  0.0000E+00      4096  2.6671E+05 -4.9844E+05  0.0000E+00  0.0000E+00  0.0000E+00  3.2810E+06
      10  1.0000E-01  1.189E-02  0.000E+00  0.0000E+00      4096  2.6984E+05 -3.4279E+05  0.0000E+00  0.0000E+00  0.0000E+00  6.2128E+06
      11  1.1000E-01  1.124E-02  0.000E+00  0.0000E+00      4096  2.7179E+05 -2.1750E+05  0.0000E+00  0.0000E+00  0.0000E+00  8.4239E+06
      12  1.2000E-01  1.065E-02  0.000E+00  0.0000E+00      4096  2.7348E+05 -1.1652E+05  0.0000E+00  0.0000E+00  0.0000E+00  1.0159E+07
      13  1.3000E-01  1.055E-02  0.000E+00  0.0000E+00      4096  2.7450E+05 -4.5289E+04  0.0000E+00  0.0000E+00  0.0000E+00  1.1336E+07
      14  1.4000E-01  9.748E-03  0.000E+00  0.0000E+00      4095  2.7524E+05  2.0038E+04  0.0000E+00  0.0000E+00  0.0000E+00  1.2371E+07
      15  1.5000E-01  9.570E-03  0.000E+00  0.0000E+00      4094  2.7574E+05  9.2664E+04  0.0000E+00  0.0000E+00  0.0000E+00  1.3505E+07
      16  1.6000E-01  9.020E-03  0.000E+00  0.0000E+00      4090  2.7631E+05  1.2254E+05  0.0000E+00  0.0000E+00  0.0000E+00  1.3941E+07
      17  1.7000E-01  8.549E-03  0.000E+00  0.0000E+00      4081  2.7625E+05  1.6786E+05  0.0000E+00  0.0000E+00  0.0000E+00  1.4597E+07
      18  1.8000E-01  8.032E-03  0.000E+00  0.0000E+00      4078  2.7630E+05  2.1324E+05  0.0000E+00  0.0000E+00  0.0000E+00  1.5256E+07
      19  1.9000E-01  7.520E-03  0.000E+00  0.0000E+00      4071  2.7627E+05  2.3868E+05  0.0000E+00  0.0000E+00  0.0000E+00  1.5611E+07
      20  2.0000E-01  8.184E-03  0.000E+00  0.0000E+00      4063  2.7668E+05  2.6002E+05  0.0000E+00  0.0000E+00  0.0000E+00  1.5901E+07
      21  2.1000E-01  7.122E-03  0.000E+00  0.0000E+00      4060  2.7669E+05  2.8987E+05  0.0000E+00  0.0000E+00  0.0000E+00  1.6329E+07
      22  2.2000E-01  7.408E-03  0.000E+00  0.0000E+00      4051  2.7667E+05  3.0161E+05  0.0000E+00  0.0000E+00  0.0000E+00  1.6473E+07
      23  2.3000E-01  6.908E-03  0.000E+00  0.0000E+00      4049  2.7647E+05  3.1477E+05  0.0000E+00  0.0000E+00  0.0000E+00  1.6627E+07
      24  2.4000E-01  7.231E-03  0.000E+00  0.0000E+00      4044  2.7682E+05  3.3364E+05  0.0000E+00  0.0000E+00  0.0000E+00  1.6875E+07
      25  2.5000E-01  6.693E-03  0.000E+00  0.0000E+00      4040  2.7678E+05  3.5248E+05  0.0000E+00  0.0000E+00  0.0000E+00  1.7117E+07
      26  2.6000E-01  5.644E-03  0.000E+00  0.0000E+00      4038  2.7659E+05  3.6355E+05  0.0000E+00  0.0000E+00  0.0000E+00  1.7240E+07
      27  2.7000E-01  5.636E-03  0.000E+00  0.0000E+00      4031  2.7649E+05  3.7208E+05  0.0000E+00  0.0000E+00  0.0000E+00  1.7337E+07
      28  2.8000E-01  6.360E-03  0.000E+00  0.0000E+00      4029  2.7674E+05  3.6609E+05  0.0000E+00  0.0000E+00  0.0000E+00  1.7229E+07
      29  2.9000E-01  5.141E-03  0.000E+00  0.0000E+00      4026  2.7708E+05  3.8855E+05  0.0000E+00  0.0000E+00  0.0000E+00  1.7534E+07
      30  3.0000E-01  4.646E-03  0.000E+00  0.0000E+00      4019  2.7689E+05  3.9740E+05  0.0000E+00  0.0000E+00  0.0000E+00  1.7635E+07
      31  3.1000E-01  4.459E-03  0.000E+00  0.0000E+00      4017  2.7678E+05  4.0551E+05  0.0000E+00  0.0000E+00  0.0000E+00  1.7723E+07
      32  3.2000E-01  4.724E-03  0.000E+00  0.0000E+00      4014  2.7646E+05  4.1697E+05  0.0000E+00  0.0000E+00  0.0000E+00  1.7844E+07
      33  3.3000E-01  4.201E-03  0.000E+00  0.0000E+00      4009  2.7687E+05  4.2681E+05  0.0000E+00  0.0000E+00  0.0000E+00  1.7970E+07
      34  3.4000E-01  3.472E-03  0.000E+00  0.0000E+00      4007  2.7679E+05  4.3166E+05  0.0000E+00  0.0000E+00  0.0000E+00  1.8013E+07
      35  3.5000E-01  3.309E-03  0.000E+00  0.0000E+00      4005  2.7670E+05  4.3067E+05  0.0000E+00  0.0000E+00  0.0000E+00  1.7973E+07
      36  3.6000E-01  3.259E-03  0.000E+00  0.0000E+00      4003  2.7655E+05  4.3742E+05  0.0000E+00  0.0000E+00  0.0000E+00  1.8054E+07
      37  3.7000E-01  3.072E-03  0.000E+00  0.0000E+00      4001  2.7673E+05  4.3784E+05  0.0000E+00  0.0000E+00  0.0000E+00  1.8055E+07
      38  3.8000E-01  3.624E-03  0.000E+00  0.0000E+00      4003  2.7695E+05  4.3512E+05  0.0000E+00  0.0000E+00  0.0000E+00  1.8005E+07
      39  3.9000E-01  2.866E-03  0.000E+00  0.0000E+00      4002  2.7659E+05  4.4301E+05  0.0000E+00  0.0000E+00  0.0000E+00  1.8096E+07
      40  4.0000E-01  3.419E-03  0.000E+00  0.0000E+00      3996  2.7655E+05  4.4302E+05  0.0000E+00  0.0000E+00  0.0000E+00  1.8095E+07
      41  4.1000E-01  3.027E-03  0.000E+00  0.0000E+00      3993  2.7697E+05  4.4821E+05  0.0000E+00  0.0000E+00  0.0000E+00  1.8173E+07
      42  4.2000E-01  2.487E-03  0.000E+00  0.0000E+00      3992  2.7663E+05  4.5265E+05  0.0000E+00  0.0000E+00  0.0000E+00  1.8212E+07
      43  4.3000E-01  2.192E-03  0.000E+00  0.0000E+00      3993  2.7661E+05  4.5639E+05  0.0000E+00  0.0000E+00  0.0000E+00  1.8248E+07
      44  4.4000E-01  2.335E-03  0.000E+00  0.0000E+00      3987  2.7651E+05  4.6516E+05  0.0000E+00  0.0000E+00  0.0000E+00  1.8338E+07
      45  4.5000E-01  2.192E-03  0.000E+00  0.0000E+00      3986  2.7686E+05  4.6512E+05  0.0000E+00  0.0000E+00  0.0000E+00  1.8333E+07
      46  4.6000E-01  2.161E-03  0.000E+00  0.0000E+00      3985  2.7690E+05  4.6789E+05  0.0000E+00  0.0000E+00  0.0000E+00  1.8355E+07
      47  4.7000E-01  1.852E-03  0.000E+00  0.0000E+00      3984  2.7658E+05  4.7324E+05  0.0000E+00  0.0000E+00  0.0000E+00  1.8408E+07
      48  4.8000E-01  1.758E-03  0.000E+00  0.0000E+00      3985  2.7675E+05  4.7416E+05  0.0000E+00  0.0000E+00  0.0000E+00  1.8414E+07
      49  4.9000E-01  1.607E-03  0.000E+00  0.0000E+00      3985  2.7667E+05  4.7834E+05  0.0000E+00  0.0000E+00  0.0000E+00  1.8465E+07
      50  5.0000E-01  1.852E-03  0.000E+00  0.0000E+00      3982  2.7652E+05  4.8050E+05  0.0000E+00  0.0000E+00  0.0000E+00  1.8485E+07
      51  5.1000E-01  1.845E-03  0.000E+00  0.0000E+00      3984  2.7690E+05  4.7933E+05  0.0000E+00  0.0000E+00  0.0000E+00  1.8474E+07
      52  5.2000E-01  2.004E-03  0.000E+00  0.0000E+00      3982  2.7736E+05  4.7939E+05  0.0000E+00  0.0000E+00  0.0000E+00  1.8484E+07
      53  5.3000E-01  1.633E-03  0.000E+00  0.0000E+00      3977  2.7698E+05  4.8782E+05  0.0000E+00  0.0000E+00  0.0000E+00  1.8583E+07
      54  5.4000E-01  1.835E-03  0.000E+00  0.0000E+00      3976  2.7697E+05  4.9181E+05  0.0000E+00  0.0000E+00  0.0000E+00  1.8626E+07
      55  5.5000E-01  1.516E-03  0.000E+00  0.0000E+00      3979  2.7695E+05  4.9568E+05  0.0000E+00  0.0000E+00  0.0000E+00  1.8666E+07
      56  5.6000E-01  1.504E-03  0.000E+00  0.0000E+00      3978  2.7722E+05  4.9609E+05  0.0000E+00  0.0000E+00  0.0000E+00  1.8674E+07
      57  5.7000E-01  1.691E-03  0.000E+00  0.0000E+00      3979  2.7735E+05  4.9559E+05  0.0000E+00  0.0000E+00  0.0000E+00  1.8674E+07
      58  5.8000E-01  1.583E-03  0.000E+00  0.0000E+00      3977  2.7733E+05  4.9144E+05  0.0000E+00  0.0000E+00  0.0000E+00  1.8613E+07
      59  5.9000E-01  1.999E-03  0.000E+00  0.0000E+00      3977  2.7687E+05  4.9224E+05  0.0000E+00  0.0000E+00  0.0000E+00  1.8605E+07
      60  6.0000E-01  2.000E-03  0.000E+00  0.0000E+00      3977  2.7689E+05  4.9085E+05  0.0000E+00  0.0000E+00  0.0000E+00  1.8579E+07
      61  6.1000E-01  1.891E-03  0.000E+00  0.0000E+00      3975  2.7698E+05  4.9394E+05  0.0000E+00  0.0000E+00  0.0000E+00  1.8614E+07
      62  6.2000E-01  1.781E-03  0.000E+00  0.0000E+00      3971  2.7726E+05  4.9119E+05  0.0000E+00  0.0000E+00  0.0000E+00  1.8567E+07
      63  6.3000E-01  1.669E-03  0.000E+00  0.0000E+00      3968  2.7728E+05  4.9590E+05  0.0000E+00  0.0000E+00  0.0000E+00  1.8626E+07
      64  6.4000E-01  1.351E-03  0.000E+00  0.0000E+00      3970  2.7696E+05  4.9851E+05  0.0000E+00  0.0000E+00  0.0000E+00  1.8654E+07
      65  6.5000E-01  1.375E-03  0.000E+00  0.0000E+00      3970  2.7705E+05  5.0376E+05  0.0000E+00  0.0000E+00  0.0000E+00  1.8714E+07
      66  6.6000E-01  1.092E-03  0.000E+00  0.0000E+00      3968  2.7711E+05  5.0511E+05  0.0000E+00  0.0000E+00  0.0000E+00  1.8735E+07
      67  6.7000E-01  1.365E-03  0.000E+00  0.0000E+00      3967  2.7722E+05  5.0824E+05  0.0000E+00  0.0000E+00  0.0000E+00  1.8772E+07
      68  6.8000E-01  1.340E-03  0.000E+00  0.0000E+00      3968  2.7722E+05  5.1058E+05  0.0000E+00  0.0000E+00  0.0000E+00  1.8801E+07
      69  6.9000E-01  1.208E-03  0.000E+00  0.0000E+00      3970  2.7711E+05  5.1806E+05  0.0000E+00  0.0000E+00  0.0000E+00  1.8897E+07
      70  7.0000E-01  1.192E-03  0.000E+00  0.0000E+00      3969  2.7709E+05  5.1690E+05  0.0000E+00  0.0000E+00  0.0000E+00  1.8879E+07
      71  7.1000E-01  1.123E-03  0.000E+00  0.0000E+00      3969  2.7715E+05  5.2197E+05  0.0000E+00  0.0000E+00  0.0000E+00  1.8943E+07
      72  7.2000E-01  1.039E-03  0.000E+00  0.0000E+00      3966  2.7736E+05  5.2137E+05  0.0000E+00  0.0000E+00  0.0000E+00  1.8939E+07
      73  7.3000E-01  8.817E-04  0.000E+00  0.0000E+00      3965  2.7723E+05  5.1979E+05  0.0000E+00  0.0000E+00  0.0000E+00  1.8911E+07
      74  7.4000E-01  1.016E-03  0.000E+00  0.0000E+00      3965  2.7705E+05  5.2253E+05  0.0000E+00  0.0000E+00  0.0000E+00  1.8933E+07
      75  7.5000E-01  1.057E-03  0.000E+00  0.0000E+00      3966  2.7714E+05  5.1792E+05  0.0000E+00  0.0000E+00  0.0000E+00  1.8879E+07
      76  7.6000E-01  8.335E-04  0.000E+00  0.0000E+00      3966  2.7711E+05  5.1970E+05  0.0000E+00  0.0000E+00  0.0000E+00  1.8896E+07
      77  7.7000E-01  8.926E-04  0.000E+00  0.0000E+00      3965  2.7700E+05  5.1987E+05  0.0000E+00  0.0000E+00  0.0000E+00  1.8895E+07
      78  7.8000E-01  8.688E-04  0.000E+00  0.0000E+00      3965  2.7733E+05  5.1580E+05  0.0000E+00  0.0000E+00  0.0000E+00  1.8852E+07
      79  7.9000E-01  8.555E-04  0.000E+00  0.0000E+00      3964  2.7713E+05  5.1725E+05  0.0000E+00  0.0000E+00  0.0000E+00  1.8863E+07
      80  8.0000E-01  1.030E-03  0.000E+00  0.0000E+00      3964  2.7700E+05  5.2155E+05  0.0000E+00  0.0000E+00  0.0000E+00  1.8915E+07
      81  8.1000E-01  1.098E-03  0.000E+00  0.0000E+00      3964  2.7715E+05  5.1512E+05  0.0000E+00  0.0000E+00  0.0000E+00  1.8840E+07
      82  8.2000E-01  9.900E-04  0.000E+00  0.0000E+00      3964  2.7714E+05  5.1568E+05  0.0000E+00  0.0000E+00  0.0000E+00  1.8843E+07
      83  8.3000E-01  1.011E-03  0.000E+00  0.0000E+00      3960  2.7722E+05  5.1440E+05  0.0000E+00  0.0000E+00  0.0000E+00  1.8827E+07
      84  8.4000E-01  1.046E-03  0.000E+00  0.0000E+00      3961  2.7703E+05  5.1571E+05  0.0000E+00  0.0000E+00  0.0000E+00  1.8838E+07
      85  8.5000E-01  1.014E-03  0.000E+00  0.0000E+00      3959  2.7724E+05  5.1390E+05  0.0000E+00  0.0000E+00  0.0000E+00  1.8822E+07
      86  8.6000E-01  1.043E-03  0.000E+00  0.0000E+00      3958  2.7734E+05  5.1406E+05  0.0000E+00  0.0000E+00  0.0000E+00  1.8821E+07
      87  8.7000E-01  1.082E-03  0.000E+00  0.0000E+00      3959  2.7691E+05  5.1668E+05  0.0000E+00  0.0000E+00  0.0000E+00  1.8842E+07
      88  8.8000E-01  1.050E-03  0.000E+00  0.0000E+00      3959  2.7683E+05  5.1575E+05  0.0000E+00  0.0000E+00  0.0000E+00  1.8830E+07
      89  8.9000E-01  1.002E-03  0.000E+00  0.0000E+00      3959  2.7709E+05  5.1484E+05  0.0000E+00  0.0000E+00  0.0000E+00  1.8827E+07
      90  9.0000E-01  1.065E-03  0.000E+00  0.0000E+00      3958  2.7716E+05  5.1533E+05  0.0000E+00  0.0000E+00  0.0000E+00  1.8832E+07
      91  9.1000E-01  1.009E-03  0.000E+00  0.0000E+00      3959  2.7709E+05  5.1630E+05  0.0000E+00  0.0000E+00  0.0000E+00  1.8843E+07
      92  9.2000E-01  1.178E-03  0.000E+00  0.0000E+00      3957  2.7700E+05  5.1808E+05  0.0000E+00  0.0000E+00  0.0000E+00  1.8861E+07
      93  9.3000E-01  1.146E-03  0.000E+00  0.0000E+00      3956  2.7709E+05  5.1700E+05  0.0000E+00  0.0000E+00  0.0000E+00  1.8853E+07
      94  9.4000E-01  1.021E-03  0.000E+00  0.0000E+00      3956  2.7727E+05  5.1688E+05  0.0000E+00  0.0000E+00  0.0000E+00  1.8856E+07
      95  9.5000E-01  1.333E-03  0.000E+00  0.0000E+00      3957  2.7702E+05  5.1662E+05  0.0000E+00  0.0000E+00  0.0000E+00  1.8850E+07
      96  9.6000E-01  1.118E-03  0.000E+00  0.0000E+00      3955  2.7689E+05  5.1624E+05  0.0000E+00  0.0000E+00  0.0000E+00  1.8837E+07
      97  9.7000E-01  1.028E-03  0.000E+00  0.0000E+00      3954  2.7684E+05  5.1518E+05  0.0000E+00  0.0000E+00  0.0000E+00  1.8823E+07
      98  9.8000E-01  1.042E-03  0.000E+00  0.0000E+00      3955  2.7704E+05  5.1420E+05  0.0000E+00  0.0000E+00  0.0000E+00  1.8816E+07
      99  9.9000E-01  1.132E-03  0.000E+00  0.0000E+00      3954  2.7709E+05  5.1435E+05  0.0000E+00  0.0000E+00  0.0000E+00  1.8816E+07
     100  1.0000E+00  1.046E-03  0.000E+00  0.0000E+00      3954  2.7690E+05  5.1496E+05  0.0000E+00  0.0000E+00  0.0000E+00  1.8817E+07
  
  MAXIMUM CFL DURING THE LAST TIME-STEP:  1.6609E+02
  MINIMUM CFL DURING THE LAST TIME-STEP:  1.8731E+01
  AVERAGE CFL DURING THE LAST TIME-STEP:  5.3469E+01

 *********************************************************************
              INTEGRATED FORCE AND MOMENT RESULTS
 *********************************************************************
  
  REFERENCE AREA:  1.0000E+00
  
  MOMENT REF LENGTHS:
  X:  1.0000E+00  Y:  1.0000E+00  Z:  1.0000E+00
  
  MOMENT REF POINT:
  X:  0.0000E+00  Y:  0.0000E+00  Z:  0.0000E+00
  
 *********************************************************************
      FORCES AND MOMENTS DUE TO ALL PATCHES WITH FORCE ACCOUNTING 
 *********************************************************************
  
               COEFFICIENTS WITH RESPECT TO THE
                       WIND-AXIS SYSTEM
  
                 CL           CD           CY
 PRESSURE    2.0112E+00   1.0814E+00   0.0000E+00
 FRICTION    0.0000E+00   0.0000E+00   0.0000E+00
 TOTAL       2.0112E+00   1.0814E+00   0.0000E+00
  
              CM PITCH      CM YAW       CM ROLL
 PRESSURE    7.3490E+01   0.0000E+00   0.0000E+00
 FRICTION    0.0000E+00   0.0000E+00   0.0000E+00
 TOTAL       7.3490E+01   0.0000E+00   0.0000E+00
  
 *********************************************************************
  
               COEFFICIENTS WITH RESPECT TO THE
                    STABILITY-AXIS SYSTEM
  
                 CL           CD           CY
 PRESSURE    2.0112E+00   1.0814E+00   0.0000E+00
 FRICTION    0.0000E+00   0.0000E+00   0.0000E+00
 TOTAL       2.0112E+00   1.0814E+00   0.0000E+00
  
              CM PITCH      CM YAW       CM ROLL
 PRESSURE    7.3490E+01   0.0000E+00   0.0000E+00
 FRICTION    0.0000E+00   0.0000E+00   0.0000E+00
 TOTAL       7.3490E+01   0.0000E+00   0.0000E+00
  
 *********************************************************************
  
               COEFFICIENTS WITH RESPECT TO THE
                       BODY-AXIS SYSTEM
  
                 CL           CD           CY
 PRESSURE    2.0112E+00   1.0814E+00   0.0000E+00
 FRICTION    0.0000E+00   0.0000E+00   0.0000E+00
 TOTAL       2.0112E+00   1.0814E+00   0.0000E+00
  
              CM PITCH      CM YAW       CM ROLL
 PRESSURE    7.3490E+01   0.0000E+00   0.0000E+00
 FRICTION    0.0000E+00   0.0000E+00   0.0000E+00
 TOTAL       7.3490E+01   0.0000E+00   0.0000E+00
  
  
 *********************************************************************
       FORCES AND MOMENTS DUE TO PATCH: Walls                                                                           
 *********************************************************************
  
     AREA-X       AREA-Y       AREA-Z     WETTED AREA
  -2.4000E+00   1.7764E-15   0.0000E+00   5.0315E+01
  
               COEFFICIENTS WITH RESPECT TO THE
                       WIND-AXIS SYSTEM
  
                 CL           CD           CY
 PRESSURE    2.0112E+00   1.0814E+00   0.0000E+00
 FRICTION    0.0000E+00   0.0000E+00   0.0000E+00
 TOTAL       2.0112E+00   1.0814E+00   0.0000E+00
  
              CM PITCH      CM YAW       CM ROLL
 PRESSURE    7.3490E+01   0.0000E+00   0.0000E+00
 FRICTION    0.0000E+00   0.0000E+00   0.0000E+00
 TOTAL       7.3490E+01   0.0000E+00   0.0000E+00
  
 *********************************************************************
  
               COEFFICIENTS WITH RESPECT TO THE
                    STABILITY-AXIS SYSTEM
  
                 CL           CD           CY
 PRESSURE    2.0112E+00   1.0814E+00   0.0000E+00
 FRICTION    0.0000E+00   0.0000E+00   0.0000E+00
 TOTAL       2.0112E+00   1.0814E+00   0.0000E+00
  
              CM PITCH      CM YAW       CM ROLL
 PRESSURE    7.3490E+01   0.0000E+00   0.0000E+00
 FRICTION    0.0000E+00   0.0000E+00   0.0000E+00
 TOTAL       7.3490E+01   0.0000E+00   0.0000E+00
  
 *********************************************************************
  
               COEFFICIENTS WITH RESPECT TO THE
                       BODY-AXIS SYSTEM
  
                 CL           CD           CY
 PRESSURE    2.0112E+00   1.0814E+00   0.0000E+00
 FRICTION    0.0000E+00   0.0000E+00   0.0000E+00
 TOTAL       2.0112E+00   1.0814E+00   0.0000E+00
  
              CM PITCH      CM YAW       CM ROLL
 PRESSURE    7.3490E+01   0.0000E+00   0.0000E+00
 FRICTION    0.0000E+00   0.0000E+00   0.0000E+00
 TOTAL       7.3490E+01   0.0000E+00   0.0000E+00
  
 *********************************************************************
                    NOZZLE PERFORMANCE DATA
 *********************************************************************
  
                    SOURCE PATCH NO.     30 EVALUATION
  ----------- PERFORMANCE -------------------- THRUST COMPONENTS -----
  
        MASS FLOW:         1.1882E+04        X-COMPONENT:  7.6814E+06
        THRUST:            7.6814E+06        Y-COMPONENT:  0.0000E+00
        IDEAL THRUST:      7.6814E+06        Z-COMPONENT:  0.0000E+00
        NPR:               6.7006E+00
        AREA:              1.5000E+01
  
                       COMBINED NOZZLE EVALUATION
  ----------- PERFORMANCE -------------------- THRUST COMPONENTS -----
  
        NET  THRUST:       7.4224E+06        X-COMPONENT:  7.4045E+06
        IDEAL THRUST:      7.6814E+06        Y-COMPONENT: -5.1496E+05
        NET/IDEAL: (Cfgi)      0.9663        Z-COMPONENT:  0.0000E+00
        (Y/X) THRUST ANGLE (Degrees):   -3.978
        (Z/X) THRUST ANGLE (Degrees):    0.000
  
 *********************************************************************
                    COMPUTATIONAL TIMINGS
 *********************************************************************
  
  TOTAL:                    6.00846E+00 SECONDS
  PROBLEM SETUP:            1.40395E+00 SECONDS
  FLOW SOLUTION:            4.15487E+00 SECONDS
  POST-PROCESSING:          2.77880E-01 SECONDS
  RESTART FILE CREATION:    2.17509E-02 SECONDS
  MISCELLANEOUS OVERHEAD:   1.50017E-01 SECONDS
  
  AGGREGRATE CPU RATE:      4.55531E-02 SECONDS/TIMESTEP
                            1.11214E+01 MICROSECONDS/CELL/TIMESTEP
  
  FLOW SOLUTION CPU RATE:   4.15487E-02 SECONDS/TIMESTEP
                            1.01437E+01 MICROSECONDS/CELL/TIMESTEP
  
 *********************************************************************
 *********************************************************************
