	MPT Environmental Settings
MPT: MPI_ARRAY (default: ) : 
MPT: MPI_BUFFER_MAX (default: not set) : not set
MPT: MPI_BUFS_LIMIT (default: 32) : 32
MPT: MPI_BUFS_PER_PROC (default: 128) : 128
MPT: MPI_CHECK_ARGS (default: disabled) : disabled
MPT: MPI_CLOCKSOURCE (default: ) : 
MPT: MPI_COLL_A2A_FRAG (default: 2097152) : 2097152
MPT: MPI_COLL_CLUSTER_OPT (default: enabled) : enabled
MPT: MPI_COLL_GATHERV (default: 65536) : 65536
MPT: MPI_COLL_LEADERS (default: enabled) : enabled
MPT: MPI_COLL_NUMA_THRESHOLD (default: 4) : 4
MPT: MPI_COLL_OPT (default: enabled) : enabled
MPT: MPI_COLL_OPT_VERBOSE (default: disabled) : disabled
MPT: MPI_COLL_PREREG (default: enabled) : enabled
MPT: MPI_COLL_RED_RB_MIN (default: 16384) : 16384
MPT: MPI_COLL_REPRODUCIBLE (default: disabled) : disabled
MPT: MPI_COLL_SYNC (default: not set) : not set
MPT: MPI_COMM_MAX (default: 256) : 256
MPT: MPI_COREDUMP (default: FIRST) : FIRST
MPT: MPI_COREDUMP_DEBUGGER (default: gdb) : gdb
MPT: MPI_CPR (default: disabled) : disabled
MPT: MPI_CUDA_BUFFER_MAX (default: 10485760) : 10485760
MPT: MPI_DEFAULT_SINGLE_COPY_BUFFER_MAX (default: 2000) : 2000
MPT: MPI_DEFAULT_SINGLE_COPY_OFF (default: 0) : 0
MPT: MPI_DIR (default: ) : 
MPT: MPI_DISPLAY_SETTINGS (default: disabled) : enabled
MPT: MPI_DSM_CPULIST (default: not set) : not set
MPT: MPI_DSM_DISTRIBUTE (default: enabled) : enabled
MPT: MPI_DSM_OFF (default: disabled) : disabled
MPT: MPI_DSM_VERBOSE (default: disabled) : disabled
MPT: MPI_GATHER_RANKS (default: enabled) : enabled
MPT: MPI_GROUP_MAX (default: 32) : 32
MPT: MPI_GRU_BUFFER_MAX (default: 32768) : 32768
MPT: MPI_GRU_CBS (default: 0) : 0
MPT: MPI_GRU_ENABLED (default: disabled) : disabled
MPT: MPI_GRU_GAMIR_GET (default: enabled) : enabled
MPT: MPI_GRU_SIG_INTERVAL (default: 5) : 5
MPT: MPI_HUGEPAGE_HEAP_SPACE (default: 0) : 0
MPT: MPI_HUGEPAGE_MSGS (default: disabled) : disabled
MPT: MPI_LAUNCH_TIMEOUT (default: 20) : 20
MPT: MPI_MAP_POWER2 (default: 0) : 0
MPT: MPI_MAPPED_HEAP_SIZE (default: not set) : not set
MPT: MPI_MAPPED_STACK_SIZE (default: not set) : not set
MPT: MPI_MEM_ALIGN (default: 0) : 0
MPT: MPI_MEMMAP_OFF (default: disabled) : disabled
MPT: MPI_MSG_RETRIES (default: 200000) : 200000
MPT: MPI_MSG_MEM (default: not set) : not set
MPT: MPI_NAP (default: not set) : not set
MPT: MPI_NUM_QUICKS (default: 8) : 8
MPT: MPI_PREFAULT_HEAP (default: 0) : 0
MPT: MPI_QUERYABLE (default: disabled) : disabled
MPT: MPI_REQUEST_DEBUG (default: disabled) : disabled
MPT: MPI_REQUEST_MAX (default: 16384) : 16384
MPT: MPI_RESET_PATH (default: ) : 
MPT: MPI_SHARED_NEIGHBORHOOD (default: BLADE) : BLADE
MPT: MPI_SHEPHERD (default: disabled) : disabled
MPT: MPI_SIGTRAP (default: disabled) : disabled
MPT: MPI_STATS (default: disabled) : disabled
MPT: MPI_STATS_FILE (default: ) : 
MPT: MPI_STATUS_SIGNAL (default: not set) : not set
MPT: MPI_SUPERPAGE_HEAP_SPACE (default: 0) : 0
MPT: MPI_SYSLOG_COPY (default: disabled) : disabled
MPT: MPI_TYPE_DEPTH (default: 14) : 14
MPT: MPI_TYPE_MAX (default: 8192) : 8192
MPT: MPI_UNBUFFERED_STDIO (default: disabled) : disabled
MPT: MPI_UNIVERSE (default: ) : 
MPT: MPI_UNIVERSE_SIZE (default: 0) : 0
MPT: MPI_USE_CUDA (default: disabled) : disabled
MPT: MPI_USE_GRU (default: disabled) : disabled
MPT: MPI_USE_XPMEM (default: disabled) : disabled
MPT: MPI_VERBOSE (default: disabled) : disabled
MPT: MPI_VERBOSE2 (default: disabled) : disabled
MPT: MPI_WATCHDOG_TIMER (default: 10) : 10
MPT: MPI_WIN_MODE (default: DEFAULT) : DEFAULT
MPT: MPI_WORLD_MAP (default: ) : 
MPT: MPI_XPMEM_ENABLED (default: enabled) : enabled
MPT: MPI_XPMEM_SHARED (default: enabled) : enabled
MPT: MPI_COLL_IB_OFFLOAD (default: disabled) : disabled
MPT: MPI_CONNECTIONS_THRESHOLD (default: 1025) : 1025
MPT: MPI_IB_ACCELERATE_AHS (default: disabled) : disabled
MPT: MPI_IB_EARLY_AHS (default: disabled) : disabled
MPT: MPI_IB_COALESCE (default: disabled) : disabled
MPT: MPI_IB_CONGESTED (default: disabled) : disabled
MPT: MPI_IB_DCIS (default: 0) : 0
MPT: MPI_IB_DEVS (default: ) : 
MPT: MPI_IB_DEVS0 (default: ) : 
MPT: MPI_IB_DEVS1 (default: ) : 
MPT: MPI_IB_FAILOVER (default: 32) : 32
MPT: MPI_IB_FAILOVER_RESET (default: enabled) : enabled
MPT: MPI_IB_HYPER_LAZY (default: disabled) : disabled
MPT: MPI_IB_IMM_UPGRADE (default: disabled) : disabled
MPT: MPI_IB_MAX_RDMAS (default: 4) : 4
MPT: MPI_IB_MTU (default: 2048) : 2048
MPT: MPI_IB_NUM_QPS (default: not set) : not set
MPT: MPI_IB_PAYLOAD (default: 16512) : 16512
MPT: MPI_IB_PRE_CACHE (default: 0) : 0
MPT: MPI_IB_QP_REALLOC (default: disabled) : disabled
MPT: MPI_IB_QTIME (default: 0) : 0
MPT: MPI_IB_RAIL0 (default: ) : 
MPT: MPI_IB_RAIL1 (default: ) : 
MPT: MPI_IB_RAILS (default: 1) : 1
MPT: MPI_IB_RAILS_FLEXIBLE (default: disabled) : disabled
MPT: MPI_IB_RECV_BUFS (default: 512) : 512
MPT: MPI_IB_RECV_MSGS (default: 512) : 512
MPT: MPI_IB_RNR_TIMER (default: 14) : 26
MPT: MPI_IB_SERVICE_LEVEL (default: 0) : 1
MPT: MPI_IB_SINGLE_COPY_BUFFER_MAX (default: 32767) : 32767
MPT: MPI_IB_TIMEOUT (default: 18) : 22
MPT: MPI_IB_UPGRADE_SENDS (default: 50) : 50
MPT: MPI_IB_XRC (default: enabled) : enabled
MPT: MPI_MEMORY_REGION_LIMIT (default: 938143374) : 938143374
MPT: MPI_NUM_MEMORY_REGIONS (default: 1024) : 1024
MPT: MPI_UD_ACK_TIMEOUT (default: 5) : 5
MPT: MPI_UD_CODEL_DEBUG (default: disabled) : disabled
MPT: MPI_UD_RECV_MSGS (default: 800) : 800
MPT: MPI_UD_SEND_BUFFERS (default: 400) : 400
MPT: MPI_UD_FINALIZE_TIMEOUT (default: 2) : 2
MPT: MPI_UD_TIMEOUT (default: 20) : 20
MPT: MPI_USE_IB (default: disabled) : disabled
MPT: MPI_USE_TCP (default: disabled) : disabled
MPT: MPI_USE_UD (default: disabled) : disabled
MPT: MPIO_DIRECT_READ (default: disabled) : disabled
MPT: MPIO_DIRECT_WRITE (default: disabled) : disabled
MPT: MPIO_DIRECT_READ_CHUNK_SIZE (default: 0) : 0
MPT: MPIO_DIRECT_WRITE_CHUNK_SIZE (default: 0) : 0
rank  0, thread  6, host r1i6n17, core 6
rank  0, thread  8, host r1i6n17, core 8
rank  0, thread  5, host r1i6n17, core 5
rank  0, thread  2, host r1i6n17, core 2
rank  0, thread  3, host r1i6n17, core 3
rank  0, thread  7, host r1i6n17, core 7
rank  0, thread  4, host r1i6n17, core 4
rank  0, thread  1, host r1i6n17, core 1
rank  1, thread  6, host r1i6n17, core 15
rank  1, thread  0, host r1i6n17, core 9
rank  1, thread  1, host r1i6n17, core 10
rank  1, thread  3, host r1i6n17, core 12
rank  1, thread  4, host r1i6n17, core 13
rank  1, thread  7, host r1i6n17, core 16
rank  1, thread  5, host r1i6n17, core 14
rank  1, thread  2, host r1i6n17, core 11
rank  1, thread  8, host r1i6n17, core 17
rank  2, thread  8, host r1i6n17, core 26
rank  2, thread  4, host r1i6n17, core 22
rank  2, thread  2, host r1i6n17, core 20
rank  2, thread  6, host r1i6n17, core 24
rank  2, thread  1, host r1i6n17, core 19
rank  2, thread  5, host r1i6n17, core 23
rank  2, thread  7, host r1i6n17, core 25
rank  2, thread  0, host r1i6n17, core 18
rank  2, thread  3, host r1i6n17, core 21
rank  3, thread  5, host r1i6n17, core 32
rank  3, thread  2, host r1i6n17, core 29
rank  3, thread  7, host r1i6n17, core 34
rank  3, thread  6, host r1i6n17, core 33
rank  0, thread  0, host r1i6n17, core 0
rank  3, thread  4, host r1i6n17, core 31
rank  3, thread  3, host r1i6n17, core 30
rank  3, thread  1, host r1i6n17, core 28
rank  3, thread  0, host r1i6n17, core 27
rank  3, thread  8, host r1i6n17, core 35
rank  4, thread  1, host r1i6n16, core 1
rank  4, thread  0, host r1i6n16, core 0
rank  4, thread  3, host r1i6n16, core 3
rank  4, thread  2, host r1i6n16, core 2
rank  4, thread  4, host r1i6n16, core 4
rank  4, thread  7, host r1i6n16, core 7
rank  4, thread  6, host r1i6n16, core 6
rank  4, thread  8, host r1i6n16, core 8
rank  4, thread  5, host r1i6n16, core 5
rank  5, thread  4, host r1i6n16, core 13
rank  5, thread  7, host r1i6n16, core 16
rank  5, thread  5, host r1i6n16, core 14
rank  5, thread  6, host r1i6n16, core 15
rank  6, thread  1, host r1i6n16, core 19
rank  6, thread  7, host r1i6n16, core 25
rank  6, thread  6, host r1i6n16, core 24
rank  6, thread  3, host r1i6n16, core 21
rank  6, thread  4, host r1i6n16, core 22
rank  6, thread  5, host r1i6n16, core 23
rank  6, thread  8, host r1i6n16, core 26
rank  6, thread  0, host r1i6n16, core 18
rank  7, thread  2, host r1i6n16, core 29
rank  7, thread  8, host r1i6n16, core 35
rank  7, thread  6, host r1i6n16, core 33
rank  7, thread  7, host r1i6n16, core 34
rank  7, thread  3, host r1i6n16, core 30
rank  7, thread  4, host r1i6n16, core 31
rank  7, thread  1, host r1i6n16, core 28
rank  7, thread  5, host r1i6n16, core 32
rank  7, thread  0, host r1i6n16, core 27
rank  5, thread  3, host r1i6n16, core 12
rank  5, thread  2, host r1i6n16, core 11
rank  5, thread  8, host r1i6n16, core 17
rank  5, thread  0, host r1i6n16, core 9
rank  5, thread  1, host r1i6n16, core 10
rank  6, thread  2, host r1i6n16, core 20
